0 silly argv {
0 silly argv   _: [ 'create' ],
0 silly argv   lernaVersion: '3.22.1',
0 silly argv   '$0': '/usr/local/bin/lerna',
0 silly argv   name: 'prototype'
0 silly argv }
1 notice cli v3.22.1
2 verbose rootPath /Users/ken/Desktop/airbnb
3 info versioning independent
4 error Error: canceled
4 error     at Interface.<anonymous> (/Users/ken/Desktop/airbnb/node_modules/read/lib/read.js:66:13)
4 error     at Interface.emit (node:events:376:20)
4 error     at Interface._ttyWrite (node:readline:909:16)
4 error     at ReadStream.onkeypress (node:readline:234:10)
4 error     at ReadStream.emit (node:events:376:20)
4 error     at emitKeys (node:internal/readline/utils:358:14)
4 error     at emitKeys.next (<anonymous>)
4 error     at ReadStream.onData (node:readline:1178:36)
4 error     at ReadStream.emit (node:events:376:20)
4 error     at addChunk (node:internal/streams/readable:305:12)
4 error     at readableAddChunk (node:internal/streams/readable:280:9)
4 error     at ReadStream.Readable.push (node:internal/streams/readable:219:10)
